<?xml version="1.0" encoding="UTF-8"?>
<!-- Generated by org.testng.reporters.JUnitXMLReporter -->
<testsuite ignored="4" hostname="HP" failures="0" tests="2" name="Test" time="41.094" errors="0" timestamp="2023-12-04T10:51:51 IST">
  <testcase classname="Basic.Exceution1" name="FacebookTest" time="23.481"/>
  <testcase classname="Basic.Exceution1" name="Zomato" time="17.549"/>
  <testcase classname="Basic.ReadDataFromExcel" name="vtigerCRM" time="0.0">
    <ignored/>
  </testcase> <!-- vtigerCRM -->
  <testcase classname="Basic.ReadDataFromProperty" name="vtigerCRM" time="0.0">
    <ignored/>
  </testcase> <!-- vtigerCRM -->
  <testcase classname="Basic.DemoTest" name="FacebookTest" time="0.0">
    <ignored/>
  </testcase> <!-- FacebookTest -->
  <testcase classname="Basic.Exceution1" name="Facebook" time="0.0">
    <ignored/>
  </testcase> <!-- Facebook -->
</testsuite> <!-- Test -->
