<?xml version="1.0" encoding="UTF-8"?>
<testng-results ignored="4" total="6" passed="2" failed="0" skipped="0">
  <reporter-output>
  </reporter-output>
  <suite started-at="2023-12-04T10:51:09 IST" name="Suite" finished-at="2023-12-04T10:51:51 IST" duration-ms="41094">
    <groups>
      <group name="Food">
        <method signature="Exceution1.FacebookTest()[pri:0, instance:Basic.Exceution1@3a44431a]" name="FacebookTest" class="Basic.Exceution1"/>
        <method signature="Exceution1.Zomato()[pri:0, instance:Basic.Exceution1@3a44431a]" name="Zomato" class="Basic.Exceution1"/>
      </group> <!-- Food -->
    </groups>
    <test started-at="2023-12-04T10:51:09 IST" name="Test" finished-at="2023-12-04T10:51:51 IST" duration-ms="41094">
      <class name="Basic.Exceution1">
        <test-method signature="FacebookTest()[pri:0, instance:Basic.Exceution1@3a44431a]" started-at="2023-12-04T10:51:09 IST" name="FacebookTest" finished-at="2023-12-04T10:51:33 IST" duration-ms="23481" status="PASS">
          <reporter-output>
          </reporter-output>
        </test-method> <!-- FacebookTest -->
        <test-method signature="Zomato()[pri:0, instance:Basic.Exceution1@3a44431a]" started-at="2023-12-04T10:51:33 IST" name="Zomato" finished-at="2023-12-04T10:51:51 IST" duration-ms="17549" status="PASS">
          <reporter-output>
          </reporter-output>
        </test-method> <!-- Zomato -->
      </class> <!-- Basic.Exceution1 -->
    </test> <!-- Test -->
  </suite> <!-- Suite -->
</testng-results>
